c:\users\parinya\desktop\poolians3daimbot-main\poolians\poolians\release\vc143.pdb
c:\users\parinya\desktop\poolians3daimbot-main\poolians\poolians\release\shareddata.obj
c:\users\parinya\desktop\poolians3daimbot-main\poolians\poolians\release\dllmain.obj
c:\users\parinya\desktop\poolians3daimbot-main\poolians\poolians\release\directxoverlay.obj
c:\users\parinya\desktop\poolians3daimbot-main\pooliansaimbot.dll
c:\users\parinya\desktop\poolians3daimbot-main\pooliansaimbot.pdb
c:\users\parinya\desktop\poolians3daimbot-main\poolians\poolians\release\poolians.res
c:\users\parinya\desktop\poolians3daimbot-main\poolians\poolians\release\pooliansaimbot.ipdb
c:\users\parinya\desktop\poolians3daimbot-main\poolians\poolians\release\pooliansaimbot.iobj
c:\users\parinya\desktop\poolians3daimbot-main\poolians\poolians\release\poolians.tlog\cl.command.1.tlog
c:\users\parinya\desktop\poolians3daimbot-main\poolians\poolians\release\poolians.tlog\cl.items.tlog
c:\users\parinya\desktop\poolians3daimbot-main\poolians\poolians\release\poolians.tlog\cl.read.1.tlog
c:\users\parinya\desktop\poolians3daimbot-main\poolians\poolians\release\poolians.tlog\cl.write.1.tlog
c:\users\parinya\desktop\poolians3daimbot-main\poolians\poolians\release\poolians.tlog\link.command.1.tlog
c:\users\parinya\desktop\poolians3daimbot-main\poolians\poolians\release\poolians.tlog\link.read.1.tlog
c:\users\parinya\desktop\poolians3daimbot-main\poolians\poolians\release\poolians.tlog\link.secondary.1.tlog
c:\users\parinya\desktop\poolians3daimbot-main\poolians\poolians\release\poolians.tlog\link.write.1.tlog
c:\users\parinya\desktop\poolians3daimbot-main\poolians\poolians\release\poolians.tlog\rc.command.1.tlog
c:\users\parinya\desktop\poolians3daimbot-main\poolians\poolians\release\poolians.tlog\rc.read.1.tlog
c:\users\parinya\desktop\poolians3daimbot-main\poolians\poolians\release\poolians.tlog\rc.write.1.tlog
